<?xml version="1.0" encoding="UTF-8"?>
<testsuite name="com.example.yep.ExampleUnitTest" tests="1" skipped="0" failures="0" errors="0" timestamp="2025-06-23T12:52:02.891Z" hostname="kbn-wks-are" time="0.002">
  <properties/>
  <testcase name="addition_isCorrect" classname="com.example.yep.ExampleUnitTest" time="0.002"/>
  <system-out><![CDATA[]]></system-out>
  <system-err><![CDATA[]]></system-err>
</testsuite>
